{"numTotalTestSuites":15,"numPassedTestSuites":10,"numFailedTestSuites":5,"numPendingTestSuites":0,"numTotalTests":49,"numPassedTests":43,"numFailedTests":6,"numPendingTests":0,"numTodoTests":0,"snapshot":{"added":0,"failure":false,"filesAdded":0,"filesRemoved":0,"filesRemovedList":[],"filesUnmatched":0,"filesUpdated":0,"matched":0,"total":0,"unchecked":0,"uncheckedKeysByFile":[],"unmatched":0,"updated":0,"didUpdate":false},"startTime":1758994247718,"success":false,"testResults":[{"assertionResults":[{"ancestorTitles":["Comprehensive Security Test Suite","Path Traversal Protection"],"fullName":"Comprehensive Security Test Suite Path Traversal Protection should block all malicious path traversal attempts","status":"passed","title":"should block all malicious path traversal attempts","duration":5.33159999999998,"failureMessages":[],"meta":{}},{"ancestorTitles":["Comprehensive Security Test Suite","Path Traversal Protection"],"fullName":"Comprehensive Security Test Suite Path Traversal Protection should allow safe relative paths","status":"passed","title":"should allow safe relative paths","duration":0.6391000000000986,"failureMessages":[],"meta":{}},{"ancestorTitles":["Comprehensive Security Test Suite","Path Traversal Protection"],"fullName":"Comprehensive Security Test Suite Path Traversal Protection should normalize complex paths correctly","status":"failed","title":"should normalize complex paths correctly","duration":10.485500000000002,"failureMessages":["AssertionError: expected false to be true // Object.is equality\n    at D:\\Users\\paulo\\Documents\\GitHub\\CircuitExp1\\tests\\security\\comprehensive-security-suite.test.ts:94:30\n    at Array.forEach (<anonymous>)\n    at D:\\Users\\paulo\\Documents\\GitHub\\CircuitExp1\\tests\\security\\comprehensive-security-suite.test.ts:92:17\n    at file:///D:/Users/paulo/Documents/GitHub/CircuitExp1/node_modules/@vitest/runner/dist/chunk-hooks.js:155:11\n    at file:///D:/Users/paulo/Documents/GitHub/CircuitExp1/node_modules/@vitest/runner/dist/chunk-hooks.js:752:26\n    at file:///D:/Users/paulo/Documents/GitHub/CircuitExp1/node_modules/@vitest/runner/dist/chunk-hooks.js:1897:20\n    at new Promise (<anonymous>)\n    at runWithTimeout (file:///D:/Users/paulo/Documents/GitHub/CircuitExp1/node_modules/@vitest/runner/dist/chunk-hooks.js:1863:10)\n    at runTest (file:///D:/Users/paulo/Documents/GitHub/CircuitExp1/node_modules/@vitest/runner/dist/chunk-hooks.js:1574:12)\n    at processTicksAndRejections (node:internal/process/task_queues:105:5)"],"meta":{}},{"ancestorTitles":["Comprehensive Security Test Suite","Path Traversal Protection"],"fullName":"Comprehensive Security Test Suite Path Traversal Protection should enforce path length limits","status":"failed","title":"should enforce path length limits","duration":1.2149999999999181,"failureMessages":["AssertionError: expected true to be false // Object.is equality\n    at D:\\Users\\paulo\\Documents\\GitHub\\CircuitExp1\\tests\\security\\comprehensive-security-suite.test.ts:102:28\n    at file:///D:/Users/paulo/Documents/GitHub/CircuitExp1/node_modules/@vitest/runner/dist/chunk-hooks.js:155:11\n    at file:///D:/Users/paulo/Documents/GitHub/CircuitExp1/node_modules/@vitest/runner/dist/chunk-hooks.js:752:26\n    at file:///D:/Users/paulo/Documents/GitHub/CircuitExp1/node_modules/@vitest/runner/dist/chunk-hooks.js:1897:20\n    at new Promise (<anonymous>)\n    at runWithTimeout (file:///D:/Users/paulo/Documents/GitHub/CircuitExp1/node_modules/@vitest/runner/dist/chunk-hooks.js:1863:10)\n    at runTest (file:///D:/Users/paulo/Documents/GitHub/CircuitExp1/node_modules/@vitest/runner/dist/chunk-hooks.js:1574:12)\n    at processTicksAndRejections (node:internal/process/task_queues:105:5)\n    at runSuite (file:///D:/Users/paulo/Documents/GitHub/CircuitExp1/node_modules/@vitest/runner/dist/chunk-hooks.js:1729:8)\n    at runSuite (file:///D:/Users/paulo/Documents/GitHub/CircuitExp1/node_modules/@vitest/runner/dist/chunk-hooks.js:1729:8)"],"meta":{}},{"ancestorTitles":["Comprehensive Security Test Suite","Path Traversal Protection"],"fullName":"Comprehensive Security Test Suite Path Traversal Protection should validate against allow-list","status":"failed","title":"should validate against allow-list","duration":1.1498999999998887,"failureMessages":["AssertionError: expected true to be false // Object.is equality\n    at D:\\Users\\paulo\\Documents\\GitHub\\CircuitExp1\\tests\\security\\comprehensive-security-suite.test.ts:118:30\n    at Array.forEach (<anonymous>)\n    at D:\\Users\\paulo\\Documents\\GitHub\\CircuitExp1\\tests\\security\\comprehensive-security-suite.test.ts:116:17\n    at file:///D:/Users/paulo/Documents/GitHub/CircuitExp1/node_modules/@vitest/runner/dist/chunk-hooks.js:155:11\n    at file:///D:/Users/paulo/Documents/GitHub/CircuitExp1/node_modules/@vitest/runner/dist/chunk-hooks.js:752:26\n    at file:///D:/Users/paulo/Documents/GitHub/CircuitExp1/node_modules/@vitest/runner/dist/chunk-hooks.js:1897:20\n    at new Promise (<anonymous>)\n    at runWithTimeout (file:///D:/Users/paulo/Documents/GitHub/CircuitExp1/node_modules/@vitest/runner/dist/chunk-hooks.js:1863:10)\n    at runTest (file:///D:/Users/paulo/Documents/GitHub/CircuitExp1/node_modules/@vitest/runner/dist/chunk-hooks.js:1574:12)\n    at processTicksAndRejections (node:internal/process/task_queues:105:5)"],"meta":{}},{"ancestorTitles":["Comprehensive Security Test Suite","XSS and Injection Prevention"],"fullName":"Comprehensive Security Test Suite XSS and Injection Prevention should detect and block all XSS payloads","status":"passed","title":"should detect and block all XSS payloads","duration":2.314999999999941,"failureMessages":[],"meta":{}},{"ancestorTitles":["Comprehensive Security Test Suite","XSS and Injection Prevention"],"fullName":"Comprehensive Security Test Suite XSS and Injection Prevention should detect and block all SQL injection payloads","status":"passed","title":"should detect and block all SQL injection payloads","duration":2.0089000000000397,"failureMessages":[],"meta":{}},{"ancestorTitles":["Comprehensive Security Test Suite","XSS and Injection Prevention"],"fullName":"Comprehensive Security Test Suite XSS and Injection Prevention should detect and block command injection attempts","status":"passed","title":"should detect and block command injection attempts","duration":1.797900000000027,"failureMessages":[],"meta":{}},{"ancestorTitles":["Comprehensive Security Test Suite","XSS and Injection Prevention"],"fullName":"Comprehensive Security Test Suite XSS and Injection Prevention should properly sanitize HTML content","status":"failed","title":"should properly sanitize HTML content","duration":2.4288999999999987,"failureMessages":["AssertionError: expected '<div onclick=\"alert(1)\">Click me</div>' to be '<div>Click me</div>' // Object.is equality\n    at D:\\Users\\paulo\\Documents\\GitHub\\CircuitExp1\\tests\\security\\comprehensive-security-suite.test.ts:208:24\n    at Array.forEach (<anonymous>)\n    at D:\\Users\\paulo\\Documents\\GitHub\\CircuitExp1\\tests\\security\\comprehensive-security-suite.test.ts:206:17\n    at file:///D:/Users/paulo/Documents/GitHub/CircuitExp1/node_modules/@vitest/runner/dist/chunk-hooks.js:155:11\n    at file:///D:/Users/paulo/Documents/GitHub/CircuitExp1/node_modules/@vitest/runner/dist/chunk-hooks.js:752:26\n    at file:///D:/Users/paulo/Documents/GitHub/CircuitExp1/node_modules/@vitest/runner/dist/chunk-hooks.js:1897:20\n    at new Promise (<anonymous>)\n    at runWithTimeout (file:///D:/Users/paulo/Documents/GitHub/CircuitExp1/node_modules/@vitest/runner/dist/chunk-hooks.js:1863:10)\n    at runTest (file:///D:/Users/paulo/Documents/GitHub/CircuitExp1/node_modules/@vitest/runner/dist/chunk-hooks.js:1574:12)\n    at processTicksAndRejections (node:internal/process/task_queues:105:5)"],"meta":{}},{"ancestorTitles":["Comprehensive Security Test Suite","XSS and Injection Prevention"],"fullName":"Comprehensive Security Test Suite XSS and Injection Prevention should handle null/undefined inputs safely","status":"passed","title":"should handle null/undefined inputs safely","duration":0.5130000000000337,"failureMessages":[],"meta":{}},{"ancestorTitles":["Comprehensive Security Test Suite","Rate Limiting and DoS Protection"],"fullName":"Comprehensive Security Test Suite Rate Limiting and DoS Protection should enforce rate limits per IP","status":"failed","title":"should enforce rate limits per IP","duration":4.973100000000045,"failureMessages":["TypeError: actual value must be number or bigint, received \"undefined\"\n    at assertTypes (file:///D:/Users/paulo/Documents/GitHub/CircuitExp1/node_modules/@vitest/utils/dist/helpers.js:25:9)\n    at Proxy.<anonymous> (file:///D:/Users/paulo/Documents/GitHub/CircuitExp1/node_modules/@vitest/expect/dist/index.js:1210:3)\n    at Proxy.<anonymous> (file:///D:/Users/paulo/Documents/GitHub/CircuitExp1/node_modules/@vitest/expect/dist/index.js:1029:14)\n    at Proxy.methodWrapper (file:///D:/Users/paulo/Documents/GitHub/CircuitExp1/node_modules/chai/index.js:1686:25)\n    at D:\\Users\\paulo\\Documents\\GitHub\\CircuitExp1\\tests\\security\\comprehensive-security-suite.test.ts:235:33\n    at file:///D:/Users/paulo/Documents/GitHub/CircuitExp1/node_modules/@vitest/runner/dist/chunk-hooks.js:155:11\n    at file:///D:/Users/paulo/Documents/GitHub/CircuitExp1/node_modules/@vitest/runner/dist/chunk-hooks.js:752:26\n    at file:///D:/Users/paulo/Documents/GitHub/CircuitExp1/node_modules/@vitest/runner/dist/chunk-hooks.js:1897:20\n    at new Promise (<anonymous>)\n    at runWithTimeout (file:///D:/Users/paulo/Documents/GitHub/CircuitExp1/node_modules/@vitest/runner/dist/chunk-hooks.js:1863:10)"],"meta":{}},{"ancestorTitles":["Comprehensive Security Test Suite","Rate Limiting and DoS Protection"],"fullName":"Comprehensive Security Test Suite Rate Limiting and DoS Protection should handle different rate limit windows","status":"passed","title":"should handle different rate limit windows","duration":0.4979000000000724,"failureMessages":[],"meta":{}},{"ancestorTitles":["Comprehensive Security Test Suite","Rate Limiting and DoS Protection"],"fullName":"Comprehensive Security Test Suite Rate Limiting and DoS Protection should implement exponential backoff for repeated violations","status":"failed","title":"should implement exponential backoff for repeated violations","duration":2.953300000000013,"failureMessages":["TypeError: actual value must be number or bigint, received \"undefined\"\n    at assertTypes (file:///D:/Users/paulo/Documents/GitHub/CircuitExp1/node_modules/@vitest/utils/dist/helpers.js:25:9)\n    at Proxy.<anonymous> (file:///D:/Users/paulo/Documents/GitHub/CircuitExp1/node_modules/@vitest/expect/dist/index.js:1210:3)\n    at Proxy.<anonymous> (file:///D:/Users/paulo/Documents/GitHub/CircuitExp1/node_modules/@vitest/expect/dist/index.js:1029:14)\n    at Proxy.methodWrapper (file:///D:/Users/paulo/Documents/GitHub/CircuitExp1/node_modules/chai/index.js:1686:25)\n    at D:\\Users\\paulo\\Documents\\GitHub\\CircuitExp1\\tests\\security\\comprehensive-security-suite.test.ts:260:33\n    at file:///D:/Users/paulo/Documents/GitHub/CircuitExp1/node_modules/@vitest/runner/dist/chunk-hooks.js:155:11\n    at file:///D:/Users/paulo/Documents/GitHub/CircuitExp1/node_modules/@vitest/runner/dist/chunk-hooks.js:752:26\n    at file:///D:/Users/paulo/Documents/GitHub/CircuitExp1/node_modules/@vitest/runner/dist/chunk-hooks.js:1897:20\n    at new Promise (<anonymous>)\n    at runWithTimeout (file:///D:/Users/paulo/Documents/GitHub/CircuitExp1/node_modules/@vitest/runner/dist/chunk-hooks.js:1863:10)"],"meta":{}},{"ancestorTitles":["Comprehensive Security Test Suite","Rate Limiting and DoS Protection"],"fullName":"Comprehensive Security Test Suite Rate Limiting and DoS Protection should handle distributed rate limiting","status":"passed","title":"should handle distributed rate limiting","duration":2.972599999999943,"failureMessages":[],"meta":{}},{"ancestorTitles":["Comprehensive Security Test Suite","File Upload Security"],"fullName":"Comprehensive Security Test Suite File Upload Security should validate file extensions against allow-list","status":"passed","title":"should validate file extensions against allow-list","duration":0.9069000000000642,"failureMessages":[],"meta":{}},{"ancestorTitles":["Comprehensive Security Test Suite","File Upload Security"],"fullName":"Comprehensive Security Test Suite File Upload Security should enforce file size limits","status":"passed","title":"should enforce file size limits","duration":0.45799999999997,"failureMessages":[],"meta":{}},{"ancestorTitles":["Comprehensive Security Test Suite","File Upload Security"],"fullName":"Comprehensive Security Test Suite File Upload Security should validate file content against MIME type","status":"passed","title":"should validate file content against MIME type","duration":0.54200000000003,"failureMessages":[],"meta":{}},{"ancestorTitles":["Comprehensive Security Test Suite","File Upload Security"],"fullName":"Comprehensive Security Test Suite File Upload Security should detect malware signatures in file names","status":"passed","title":"should detect malware signatures in file names","duration":0.4925999999999249,"failureMessages":[],"meta":{}},{"ancestorTitles":["Comprehensive Security Test Suite","Content Validation"],"fullName":"Comprehensive Security Test Suite Content Validation should validate JSON content structure","status":"passed","title":"should validate JSON content structure","duration":0.6561999999998989,"failureMessages":[],"meta":{}},{"ancestorTitles":["Comprehensive Security Test Suite","Content Validation"],"fullName":"Comprehensive Security Test Suite Content Validation should detect suspicious patterns in content","status":"passed","title":"should detect suspicious patterns in content","duration":1.2421000000000504,"failureMessages":[],"meta":{}},{"ancestorTitles":["Comprehensive Security Test Suite","Content Validation"],"fullName":"Comprehensive Security Test Suite Content Validation should validate XML/HTML content for XXE vulnerabilities","status":"passed","title":"should validate XML/HTML content for XXE vulnerabilities","duration":0.48649999999997817,"failureMessages":[],"meta":{}},{"ancestorTitles":["Comprehensive Security Test Suite","Cryptographic Security"],"fullName":"Comprehensive Security Test Suite Cryptographic Security should generate cryptographically secure tokens","status":"passed","title":"should generate cryptographically secure tokens","duration":5.088100000000054,"failureMessages":[],"meta":{}},{"ancestorTitles":["Comprehensive Security Test Suite","Cryptographic Security"],"fullName":"Comprehensive Security Test Suite Cryptographic Security should encrypt and decrypt sensitive data securely","status":"passed","title":"should encrypt and decrypt sensitive data securely","duration":2.5441000000000713,"failureMessages":[],"meta":{}},{"ancestorTitles":["Comprehensive Security Test Suite","Cryptographic Security"],"fullName":"Comprehensive Security Test Suite Cryptographic Security should handle encryption edge cases safely","status":"passed","title":"should handle encryption edge cases safely","duration":0.8711999999999307,"failureMessages":[],"meta":{}},{"ancestorTitles":["Comprehensive Security Test Suite","Cryptographic Security"],"fullName":"Comprehensive Security Test Suite Cryptographic Security should fail gracefully with invalid encryption data","status":"passed","title":"should fail gracefully with invalid encryption data","duration":0.38779999999997017,"failureMessages":[],"meta":{}},{"ancestorTitles":["Comprehensive Security Test Suite","CSP and Security Headers"],"fullName":"Comprehensive Security Test Suite CSP and Security Headers should generate production CSP headers","status":"passed","title":"should generate production CSP headers","duration":0.6765000000000327,"failureMessages":[],"meta":{}},{"ancestorTitles":["Comprehensive Security Test Suite","CSP and Security Headers"],"fullName":"Comprehensive Security Test Suite CSP and Security Headers should generate development CSP headers","status":"passed","title":"should generate development CSP headers","duration":0.4411999999999807,"failureMessages":[],"meta":{}},{"ancestorTitles":["Comprehensive Security Test Suite","CSP and Security Headers"],"fullName":"Comprehensive Security Test Suite CSP and Security Headers should generate security headers","status":"passed","title":"should generate security headers","duration":0.7318000000000211,"failureMessages":[],"meta":{}},{"ancestorTitles":["Comprehensive Security Test Suite","CSP and Security Headers"],"fullName":"Comprehensive Security Test Suite CSP and Security Headers should handle nonce generation and rotation","status":"passed","title":"should handle nonce generation and rotation","duration":0.5466999999999871,"failureMessages":[],"meta":{}},{"ancestorTitles":["Comprehensive Security Test Suite","Plugin Security Validation"],"fullName":"Comprehensive Security Test Suite Plugin Security Validation should validate safe plugin files","status":"passed","title":"should validate safe plugin files","duration":10.208799999999997,"failureMessages":[],"meta":{}},{"ancestorTitles":["Comprehensive Security Test Suite","Plugin Security Validation"],"fullName":"Comprehensive Security Test Suite Plugin Security Validation should detect malicious plugin code","status":"passed","title":"should detect malicious plugin code","duration":7.141899999999964,"failureMessages":[],"meta":{}},{"ancestorTitles":["Comprehensive Security Test Suite","Plugin Security Validation"],"fullName":"Comprehensive Security Test Suite Plugin Security Validation should detect obfuscated code patterns","status":"passed","title":"should detect obfuscated code patterns","duration":5.8262999999999465,"failureMessages":[],"meta":{}},{"ancestorTitles":["Comprehensive Security Test Suite","Security Event Logging and Monitoring"],"fullName":"Comprehensive Security Test Suite Security Event Logging and Monitoring should log security events","status":"passed","title":"should log security events","duration":3.270399999999995,"failureMessages":[],"meta":{}},{"ancestorTitles":["Comprehensive Security Test Suite","Security Event Logging and Monitoring"],"fullName":"Comprehensive Security Test Suite Security Event Logging and Monitoring should track security statistics","status":"passed","title":"should track security statistics","duration":0.8328999999999951,"failureMessages":[],"meta":{}},{"ancestorTitles":["Comprehensive Security Test Suite","Security Event Logging and Monitoring"],"fullName":"Comprehensive Security Test Suite Security Event Logging and Monitoring should retrieve recent security events","status":"passed","title":"should retrieve recent security events","duration":0.7420000000000755,"failureMessages":[],"meta":{}},{"ancestorTitles":["Comprehensive Security Test Suite","Security Event Logging and Monitoring"],"fullName":"Comprehensive Security Test Suite Security Event Logging and Monitoring should limit security events storage","status":"passed","title":"should limit security events storage","duration":51.26190000000008,"failureMessages":[],"meta":{}},{"ancestorTitles":["Comprehensive Security Test Suite","Security Event Logging and Monitoring"],"fullName":"Comprehensive Security Test Suite Security Event Logging and Monitoring should handle IP blocking and unblocking","status":"passed","title":"should handle IP blocking and unblocking","duration":0.9123999999999342,"failureMessages":[],"meta":{}},{"ancestorTitles":["Comprehensive Security Test Suite","Memory Leak Prevention"],"fullName":"Comprehensive Security Test Suite Memory Leak Prevention should not accumulate event listeners","status":"passed","title":"should not accumulate event listeners","duration":1.0090999999999894,"failureMessages":[],"meta":{}},{"ancestorTitles":["Comprehensive Security Test Suite","Memory Leak Prevention"],"fullName":"Comprehensive Security Test Suite Memory Leak Prevention should clean up rate limiting data periodically","status":"passed","title":"should clean up rate limiting data periodically","duration":0.9315000000000282,"failureMessages":[],"meta":{}},{"ancestorTitles":["Comprehensive Security Test Suite","Memory Leak Prevention"],"fullName":"Comprehensive Security Test Suite Memory Leak Prevention should handle large numbers of concurrent validations","status":"passed","title":"should handle large numbers of concurrent validations","duration":8.467600000000061,"failureMessages":[],"meta":{}},{"ancestorTitles":["Comprehensive Security Test Suite","Integration and Edge Cases"],"fullName":"Comprehensive Security Test Suite Integration and Edge Cases should handle null and undefined inputs gracefully","status":"passed","title":"should handle null and undefined inputs gracefully","duration":0.8993000000000393,"failureMessages":[],"meta":{}},{"ancestorTitles":["Comprehensive Security Test Suite","Integration and Edge Cases"],"fullName":"Comprehensive Security Test Suite Integration and Edge Cases should handle large inputs within reasonable limits","status":"passed","title":"should handle large inputs within reasonable limits","duration":0.46079999999994925,"failureMessages":[],"meta":{}},{"ancestorTitles":["Comprehensive Security Test Suite","Integration and Edge Cases","IP Validation and Network Security"],"fullName":"Comprehensive Security Test Suite Integration and Edge Cases IP Validation and Network Security should validate IPv4 addresses","status":"passed","title":"should validate IPv4 addresses","duration":0.6932000000000471,"failureMessages":[],"meta":{}},{"ancestorTitles":["Comprehensive Security Test Suite","Integration and Edge Cases","IP Validation and Network Security"],"fullName":"Comprehensive Security Test Suite Integration and Edge Cases IP Validation and Network Security should validate IPv6 addresses in full form","status":"passed","title":"should validate IPv6 addresses in full form","duration":0.38040000000000873,"failureMessages":[],"meta":{}},{"ancestorTitles":["Comprehensive Security Test Suite","Integration and Edge Cases","IP Validation and Network Security"],"fullName":"Comprehensive Security Test Suite Integration and Edge Cases IP Validation and Network Security should identify private IP ranges","status":"passed","title":"should identify private IP ranges","duration":0.5575999999999794,"failureMessages":[],"meta":{}},{"ancestorTitles":["Comprehensive Security Test Suite","Integration and Edge Cases"],"fullName":"Comprehensive Security Test Suite Integration and Edge Cases should handle unicode and special characters","status":"passed","title":"should handle unicode and special characters","duration":0.6306999999999334,"failureMessages":[],"meta":{}},{"ancestorTitles":["Comprehensive Security Test Suite","Integration and Edge Cases"],"fullName":"Comprehensive Security Test Suite Integration and Edge Cases should maintain security under concurrent load","status":"passed","title":"should maintain security under concurrent load","duration":7.720400000000041,"failureMessages":[],"meta":{}},{"ancestorTitles":["Comprehensive Security Test Suite","Performance and Scalability"],"fullName":"Comprehensive Security Test Suite Performance and Scalability should validate inputs within acceptable time limits","status":"passed","title":"should validate inputs within acceptable time limits","duration":1.7413999999999987,"failureMessages":[],"meta":{}},{"ancestorTitles":["Comprehensive Security Test Suite","Performance and Scalability"],"fullName":"Comprehensive Security Test Suite Performance and Scalability should scale rate limiting to many IPs","status":"passed","title":"should scale rate limiting to many IPs","duration":0.9896999999999707,"failureMessages":[],"meta":{}}],"startTime":1758994248548,"endTime":1758994248708.9897,"status":"failed","message":"","name":"D:/Users/paulo/Documents/GitHub/CircuitExp1/tests/security/comprehensive-security-suite.test.ts"}]}