{"numTotalTestSuites":5,"numPassedTestSuites":2,"numFailedTestSuites":3,"numPendingTestSuites":0,"numTotalTests":5,"numPassedTests":4,"numFailedTests":1,"numPendingTests":0,"numTodoTests":0,"snapshot":{"added":0,"failure":false,"filesAdded":0,"filesRemoved":0,"filesRemovedList":[],"filesUnmatched":0,"filesUpdated":0,"matched":0,"total":0,"unchecked":0,"uncheckedKeysByFile":[],"unmatched":0,"updated":0,"didUpdate":false},"startTime":1759010235754,"success":false,"testResults":[{"assertionResults":[{"ancestorTitles":["MemoryLeakDetector","Basic Leak Detection"],"fullName":"MemoryLeakDetector Basic Leak Detection should detect memory leaks in array accumulation","status":"passed","title":"should detect memory leaks in array accumulation","duration":735.5736,"failureMessages":[],"meta":{}},{"ancestorTitles":["MemoryLeakDetector","Basic Leak Detection"],"fullName":"MemoryLeakDetector Basic Leak Detection should not detect false positives for stable memory","status":"passed","title":"should not detect false positives for stable memory","duration":730.7773000000002,"failureMessages":[],"meta":{}},{"ancestorTitles":["MemoryLeakDetector","Basic Leak Detection"],"fullName":"MemoryLeakDetector Basic Leak Detection should detect leaks in object accumulation","status":"passed","title":"should detect leaks in object accumulation","duration":730.9682000000003,"failureMessages":[],"meta":{}},{"ancestorTitles":["MemoryLeakDetector","Event Listener Leaks"],"fullName":"MemoryLeakDetector Event Listener Leaks should detect event listener leaks","status":"failed","title":"should detect event listener leaks","duration":728.6061,"failureMessages":["AssertionError: expected false to be true // Object.is equality\n    at D:\\Users\\paulo\\Documents\\GitHub\\CircuitExp1\\tests\\performance\\memory-leak-detector.test.ts:228:35\n    at file:///D:/Users/paulo/Documents/GitHub/CircuitExp1/node_modules/@vitest/runner/dist/chunk-hooks.js:752:20"],"meta":{}},{"ancestorTitles":["MemoryLeakDetector","Timer Leaks"],"fullName":"MemoryLeakDetector Timer Leaks should detect timer leaks","status":"passed","title":"should detect timer leaks","duration":730.1844999999998,"failureMessages":[],"meta":{}}],"startTime":1759010236793,"endTime":1759010240450.1846,"status":"failed","message":"","name":"D:/Users/paulo/Documents/GitHub/CircuitExp1/tests/performance/memory-leak-detector.test.ts"}]}