{"numTotalTestSuites":15,"numPassedTestSuites":15,"numFailedTestSuites":0,"numPendingTestSuites":0,"numTotalTests":49,"numPassedTests":4,"numFailedTests":0,"numPendingTests":45,"numTodoTests":0,"snapshot":{"added":0,"failure":false,"filesAdded":0,"filesRemoved":0,"filesRemovedList":[],"filesUnmatched":0,"filesUpdated":0,"matched":0,"total":0,"unchecked":0,"uncheckedKeysByFile":[],"unmatched":0,"updated":0,"didUpdate":false},"startTime":1758997242932,"success":true,"testResults":[{"assertionResults":[{"ancestorTitles":["Comprehensive Security Test Suite","Path Traversal Protection"],"fullName":"Comprehensive Security Test Suite Path Traversal Protection should block all malicious path traversal attempts","status":"skipped","title":"should block all malicious path traversal attempts","failureMessages":[],"meta":{}},{"ancestorTitles":["Comprehensive Security Test Suite","Path Traversal Protection"],"fullName":"Comprehensive Security Test Suite Path Traversal Protection should allow safe relative paths","status":"skipped","title":"should allow safe relative paths","failureMessages":[],"meta":{}},{"ancestorTitles":["Comprehensive Security Test Suite","Path Traversal Protection"],"fullName":"Comprehensive Security Test Suite Path Traversal Protection should normalize complex paths correctly","status":"skipped","title":"should normalize complex paths correctly","failureMessages":[],"meta":{}},{"ancestorTitles":["Comprehensive Security Test Suite","Path Traversal Protection"],"fullName":"Comprehensive Security Test Suite Path Traversal Protection should enforce path length limits","status":"skipped","title":"should enforce path length limits","failureMessages":[],"meta":{}},{"ancestorTitles":["Comprehensive Security Test Suite","Path Traversal Protection"],"fullName":"Comprehensive Security Test Suite Path Traversal Protection should validate against allow-list","status":"skipped","title":"should validate against allow-list","failureMessages":[],"meta":{}},{"ancestorTitles":["Comprehensive Security Test Suite","XSS and Injection Prevention"],"fullName":"Comprehensive Security Test Suite XSS and Injection Prevention should detect and block all XSS payloads","status":"skipped","title":"should detect and block all XSS payloads","failureMessages":[],"meta":{}},{"ancestorTitles":["Comprehensive Security Test Suite","XSS and Injection Prevention"],"fullName":"Comprehensive Security Test Suite XSS and Injection Prevention should detect and block all SQL injection payloads","status":"skipped","title":"should detect and block all SQL injection payloads","failureMessages":[],"meta":{}},{"ancestorTitles":["Comprehensive Security Test Suite","XSS and Injection Prevention"],"fullName":"Comprehensive Security Test Suite XSS and Injection Prevention should detect and block command injection attempts","status":"skipped","title":"should detect and block command injection attempts","failureMessages":[],"meta":{}},{"ancestorTitles":["Comprehensive Security Test Suite","XSS and Injection Prevention"],"fullName":"Comprehensive Security Test Suite XSS and Injection Prevention should properly sanitize HTML content","status":"skipped","title":"should properly sanitize HTML content","failureMessages":[],"meta":{}},{"ancestorTitles":["Comprehensive Security Test Suite","XSS and Injection Prevention"],"fullName":"Comprehensive Security Test Suite XSS and Injection Prevention should handle null/undefined inputs safely","status":"skipped","title":"should handle null/undefined inputs safely","failureMessages":[],"meta":{}},{"ancestorTitles":["Comprehensive Security Test Suite","Rate Limiting and DoS Protection"],"fullName":"Comprehensive Security Test Suite Rate Limiting and DoS Protection should enforce rate limits per IP","status":"skipped","title":"should enforce rate limits per IP","failureMessages":[],"meta":{}},{"ancestorTitles":["Comprehensive Security Test Suite","Rate Limiting and DoS Protection"],"fullName":"Comprehensive Security Test Suite Rate Limiting and DoS Protection should handle different rate limit windows","status":"skipped","title":"should handle different rate limit windows","failureMessages":[],"meta":{}},{"ancestorTitles":["Comprehensive Security Test Suite","Rate Limiting and DoS Protection"],"fullName":"Comprehensive Security Test Suite Rate Limiting and DoS Protection should implement exponential backoff for repeated violations","status":"skipped","title":"should implement exponential backoff for repeated violations","failureMessages":[],"meta":{}},{"ancestorTitles":["Comprehensive Security Test Suite","Rate Limiting and DoS Protection"],"fullName":"Comprehensive Security Test Suite Rate Limiting and DoS Protection should handle distributed rate limiting","status":"skipped","title":"should handle distributed rate limiting","failureMessages":[],"meta":{}},{"ancestorTitles":["Comprehensive Security Test Suite","File Upload Security"],"fullName":"Comprehensive Security Test Suite File Upload Security should validate file extensions against allow-list","status":"passed","title":"should validate file extensions against allow-list","duration":15.468600000000151,"failureMessages":[],"meta":{}},{"ancestorTitles":["Comprehensive Security Test Suite","File Upload Security"],"fullName":"Comprehensive Security Test Suite File Upload Security should enforce file size limits","status":"passed","title":"should enforce file size limits","duration":2.2654999999999745,"failureMessages":[],"meta":{}},{"ancestorTitles":["Comprehensive Security Test Suite","File Upload Security"],"fullName":"Comprehensive Security Test Suite File Upload Security should validate file content against MIME type","status":"passed","title":"should validate file content against MIME type","duration":1.9710000000000036,"failureMessages":[],"meta":{}},{"ancestorTitles":["Comprehensive Security Test Suite","File Upload Security"],"fullName":"Comprehensive Security Test Suite File Upload Security should detect malware signatures in file names","status":"passed","title":"should detect malware signatures in file names","duration":1.9209000000000742,"failureMessages":[],"meta":{}},{"ancestorTitles":["Comprehensive Security Test Suite","Content Validation"],"fullName":"Comprehensive Security Test Suite Content Validation should validate JSON content structure","status":"skipped","title":"should validate JSON content structure","failureMessages":[],"meta":{}},{"ancestorTitles":["Comprehensive Security Test Suite","Content Validation"],"fullName":"Comprehensive Security Test Suite Content Validation should detect suspicious patterns in content","status":"skipped","title":"should detect suspicious patterns in content","failureMessages":[],"meta":{}},{"ancestorTitles":["Comprehensive Security Test Suite","Content Validation"],"fullName":"Comprehensive Security Test Suite Content Validation should validate XML/HTML content for XXE vulnerabilities","status":"skipped","title":"should validate XML/HTML content for XXE vulnerabilities","failureMessages":[],"meta":{}},{"ancestorTitles":["Comprehensive Security Test Suite","Cryptographic Security"],"fullName":"Comprehensive Security Test Suite Cryptographic Security should generate cryptographically secure tokens","status":"skipped","title":"should generate cryptographically secure tokens","failureMessages":[],"meta":{}},{"ancestorTitles":["Comprehensive Security Test Suite","Cryptographic Security"],"fullName":"Comprehensive Security Test Suite Cryptographic Security should encrypt and decrypt sensitive data securely","status":"skipped","title":"should encrypt and decrypt sensitive data securely","failureMessages":[],"meta":{}},{"ancestorTitles":["Comprehensive Security Test Suite","Cryptographic Security"],"fullName":"Comprehensive Security Test Suite Cryptographic Security should handle encryption edge cases safely","status":"skipped","title":"should handle encryption edge cases safely","failureMessages":[],"meta":{}},{"ancestorTitles":["Comprehensive Security Test Suite","Cryptographic Security"],"fullName":"Comprehensive Security Test Suite Cryptographic Security should fail gracefully with invalid encryption data","status":"skipped","title":"should fail gracefully with invalid encryption data","failureMessages":[],"meta":{}},{"ancestorTitles":["Comprehensive Security Test Suite","CSP and Security Headers"],"fullName":"Comprehensive Security Test Suite CSP and Security Headers should generate production CSP headers","status":"skipped","title":"should generate production CSP headers","failureMessages":[],"meta":{}},{"ancestorTitles":["Comprehensive Security Test Suite","CSP and Security Headers"],"fullName":"Comprehensive Security Test Suite CSP and Security Headers should generate development CSP headers","status":"skipped","title":"should generate development CSP headers","failureMessages":[],"meta":{}},{"ancestorTitles":["Comprehensive Security Test Suite","CSP and Security Headers"],"fullName":"Comprehensive Security Test Suite CSP and Security Headers should generate security headers","status":"skipped","title":"should generate security headers","failureMessages":[],"meta":{}},{"ancestorTitles":["Comprehensive Security Test Suite","CSP and Security Headers"],"fullName":"Comprehensive Security Test Suite CSP and Security Headers should handle nonce generation and rotation","status":"skipped","title":"should handle nonce generation and rotation","failureMessages":[],"meta":{}},{"ancestorTitles":["Comprehensive Security Test Suite","Plugin Security Validation"],"fullName":"Comprehensive Security Test Suite Plugin Security Validation should validate safe plugin files","status":"skipped","title":"should validate safe plugin files","failureMessages":[],"meta":{}},{"ancestorTitles":["Comprehensive Security Test Suite","Plugin Security Validation"],"fullName":"Comprehensive Security Test Suite Plugin Security Validation should detect malicious plugin code","status":"skipped","title":"should detect malicious plugin code","failureMessages":[],"meta":{}},{"ancestorTitles":["Comprehensive Security Test Suite","Plugin Security Validation"],"fullName":"Comprehensive Security Test Suite Plugin Security Validation should detect obfuscated code patterns","status":"skipped","title":"should detect obfuscated code patterns","failureMessages":[],"meta":{}},{"ancestorTitles":["Comprehensive Security Test Suite","Security Event Logging and Monitoring"],"fullName":"Comprehensive Security Test Suite Security Event Logging and Monitoring should log security events","status":"skipped","title":"should log security events","failureMessages":[],"meta":{}},{"ancestorTitles":["Comprehensive Security Test Suite","Security Event Logging and Monitoring"],"fullName":"Comprehensive Security Test Suite Security Event Logging and Monitoring should track security statistics","status":"skipped","title":"should track security statistics","failureMessages":[],"meta":{}},{"ancestorTitles":["Comprehensive Security Test Suite","Security Event Logging and Monitoring"],"fullName":"Comprehensive Security Test Suite Security Event Logging and Monitoring should retrieve recent security events","status":"skipped","title":"should retrieve recent security events","failureMessages":[],"meta":{}},{"ancestorTitles":["Comprehensive Security Test Suite","Security Event Logging and Monitoring"],"fullName":"Comprehensive Security Test Suite Security Event Logging and Monitoring should limit security events storage","status":"skipped","title":"should limit security events storage","failureMessages":[],"meta":{}},{"ancestorTitles":["Comprehensive Security Test Suite","Security Event Logging and Monitoring"],"fullName":"Comprehensive Security Test Suite Security Event Logging and Monitoring should handle IP blocking and unblocking","status":"skipped","title":"should handle IP blocking and unblocking","failureMessages":[],"meta":{}},{"ancestorTitles":["Comprehensive Security Test Suite","Memory Leak Prevention"],"fullName":"Comprehensive Security Test Suite Memory Leak Prevention should not accumulate event listeners","status":"skipped","title":"should not accumulate event listeners","failureMessages":[],"meta":{}},{"ancestorTitles":["Comprehensive Security Test Suite","Memory Leak Prevention"],"fullName":"Comprehensive Security Test Suite Memory Leak Prevention should clean up rate limiting data periodically","status":"skipped","title":"should clean up rate limiting data periodically","failureMessages":[],"meta":{}},{"ancestorTitles":["Comprehensive Security Test Suite","Memory Leak Prevention"],"fullName":"Comprehensive Security Test Suite Memory Leak Prevention should handle large numbers of concurrent validations","status":"skipped","title":"should handle large numbers of concurrent validations","failureMessages":[],"meta":{}},{"ancestorTitles":["Comprehensive Security Test Suite","Integration and Edge Cases"],"fullName":"Comprehensive Security Test Suite Integration and Edge Cases should handle null and undefined inputs gracefully","status":"skipped","title":"should handle null and undefined inputs gracefully","failureMessages":[],"meta":{}},{"ancestorTitles":["Comprehensive Security Test Suite","Integration and Edge Cases"],"fullName":"Comprehensive Security Test Suite Integration and Edge Cases should handle large inputs within reasonable limits","status":"skipped","title":"should handle large inputs within reasonable limits","failureMessages":[],"meta":{}},{"ancestorTitles":["Comprehensive Security Test Suite","Integration and Edge Cases","IP Validation and Network Security"],"fullName":"Comprehensive Security Test Suite Integration and Edge Cases IP Validation and Network Security should validate IPv4 addresses","status":"skipped","title":"should validate IPv4 addresses","failureMessages":[],"meta":{}},{"ancestorTitles":["Comprehensive Security Test Suite","Integration and Edge Cases","IP Validation and Network Security"],"fullName":"Comprehensive Security Test Suite Integration and Edge Cases IP Validation and Network Security should validate IPv6 addresses in full form","status":"skipped","title":"should validate IPv6 addresses in full form","failureMessages":[],"meta":{}},{"ancestorTitles":["Comprehensive Security Test Suite","Integration and Edge Cases","IP Validation and Network Security"],"fullName":"Comprehensive Security Test Suite Integration and Edge Cases IP Validation and Network Security should identify private IP ranges","status":"skipped","title":"should identify private IP ranges","failureMessages":[],"meta":{}},{"ancestorTitles":["Comprehensive Security Test Suite","Integration and Edge Cases"],"fullName":"Comprehensive Security Test Suite Integration and Edge Cases should handle unicode and special characters","status":"skipped","title":"should handle unicode and special characters","failureMessages":[],"meta":{}},{"ancestorTitles":["Comprehensive Security Test Suite","Integration and Edge Cases"],"fullName":"Comprehensive Security Test Suite Integration and Edge Cases should maintain security under concurrent load","status":"skipped","title":"should maintain security under concurrent load","failureMessages":[],"meta":{}},{"ancestorTitles":["Comprehensive Security Test Suite","Performance and Scalability"],"fullName":"Comprehensive Security Test Suite Performance and Scalability should validate inputs within acceptable time limits","status":"skipped","title":"should validate inputs within acceptable time limits","failureMessages":[],"meta":{}},{"ancestorTitles":["Comprehensive Security Test Suite","Performance and Scalability"],"fullName":"Comprehensive Security Test Suite Performance and Scalability should scale rate limiting to many IPs","status":"skipped","title":"should scale rate limiting to many IPs","failureMessages":[],"meta":{}}],"startTime":1758997245355,"endTime":1758997245376.921,"status":"passed","message":"","name":"D:/Users/paulo/Documents/GitHub/CircuitExp1/tests/security/comprehensive-security-suite.test.ts"}]}