{"numTotalTestSuites":7,"numPassedTestSuites":7,"numFailedTestSuites":0,"numPendingTestSuites":0,"numTotalTests":26,"numPassedTests":26,"numFailedTests":0,"numPendingTests":0,"numTodoTests":0,"snapshot":{"added":0,"failure":false,"filesAdded":0,"filesRemoved":0,"filesRemovedList":[],"filesUnmatched":0,"filesUpdated":0,"matched":0,"total":0,"unchecked":0,"uncheckedKeysByFile":[],"unmatched":0,"updated":0,"didUpdate":false},"startTime":1759002401757,"success":true,"testResults":[{"assertionResults":[{"ancestorTitles":[],"fullName":"SEC-1 production CSP hardened (no unsafe-inline, directives present)","status":"passed","title":"SEC-1 production CSP hardened (no unsafe-inline, directives present)","duration":4.81389999999999,"failureMessages":[],"meta":{}}],"startTime":1759002402764,"endTime":1759002402768.814,"status":"passed","message":"","name":"D:/Users/paulo/Documents/GitHub/CircuitExp1/tests/security/csp-header.sec-1.test.ts"},{"assertionResults":[{"ancestorTitles":["SEC-2: Nonce-based CSP Implementation","CSP Manager"],"fullName":"SEC-2: Nonce-based CSP Implementation CSP Manager should generate cryptographically secure nonces","status":"passed","title":"should generate cryptographically secure nonces","duration":5.3455000000000155,"failureMessages":[],"meta":{}},{"ancestorTitles":["SEC-2: Nonce-based CSP Implementation","CSP Manager"],"fullName":"SEC-2: Nonce-based CSP Implementation CSP Manager should maintain current nonce until rotated","status":"passed","title":"should maintain current nonce until rotated","duration":0.9496000000000322,"failureMessages":[],"meta":{}},{"ancestorTitles":["SEC-2: Nonce-based CSP Implementation","CSP Manager"],"fullName":"SEC-2: Nonce-based CSP Implementation CSP Manager should start and stop nonce rotation","status":"passed","title":"should start and stop nonce rotation","duration":1.6930999999999585,"failureMessages":[],"meta":{}},{"ancestorTitles":["SEC-2: Nonce-based CSP Implementation","CSP Manager"],"fullName":"SEC-2: Nonce-based CSP Implementation CSP Manager should generate production CSP with nonces","status":"passed","title":"should generate production CSP with nonces","duration":1.491899999999987,"failureMessages":[],"meta":{}},{"ancestorTitles":["SEC-2: Nonce-based CSP Implementation","CSP Manager"],"fullName":"SEC-2: Nonce-based CSP Implementation CSP Manager should generate development CSP with relaxed policies","status":"passed","title":"should generate development CSP with relaxed policies","duration":1.0577999999999292,"failureMessages":[],"meta":{}},{"ancestorTitles":["SEC-2: Nonce-based CSP Implementation","CSP Manager"],"fullName":"SEC-2: Nonce-based CSP Implementation CSP Manager should generate comprehensive security headers","status":"passed","title":"should generate comprehensive security headers","duration":1.741800000000012,"failureMessages":[],"meta":{}},{"ancestorTitles":["SEC-2: Nonce-based CSP Implementation","CSP Manager"],"fullName":"SEC-2: Nonce-based CSP Implementation CSP Manager should validate CSP configuration","status":"passed","title":"should validate CSP configuration","duration":1.3661999999999352,"failureMessages":[],"meta":{}},{"ancestorTitles":["SEC-2: Nonce-based CSP Implementation","Nonce Injector"],"fullName":"SEC-2: Nonce-based CSP Implementation Nonce Injector should inject nonces into script tags","status":"passed","title":"should inject nonces into script tags","duration":0.4882000000000062,"failureMessages":[],"meta":{}},{"ancestorTitles":["SEC-2: Nonce-based CSP Implementation","Nonce Injector"],"fullName":"SEC-2: Nonce-based CSP Implementation Nonce Injector should inject nonces into style tags","status":"passed","title":"should inject nonces into style tags","duration":0.7703999999999951,"failureMessages":[],"meta":{}},{"ancestorTitles":["SEC-2: Nonce-based CSP Implementation","Nonce Injector"],"fullName":"SEC-2: Nonce-based CSP Implementation Nonce Injector should inject nonces into all tags with meta information","status":"passed","title":"should inject nonces into all tags with meta information","duration":0.5203000000000202,"failureMessages":[],"meta":{}},{"ancestorTitles":["SEC-2: Nonce-based CSP Implementation","Nonce Injector"],"fullName":"SEC-2: Nonce-based CSP Implementation Nonce Injector should not inject nonces into tags that already have them","status":"passed","title":"should not inject nonces into tags that already have them","duration":0.3062999999999647,"failureMessages":[],"meta":{}},{"ancestorTitles":["SEC-2: Nonce-based CSP Implementation","Nonce Injector"],"fullName":"SEC-2: Nonce-based CSP Implementation Nonce Injector should create nonce-enabled script tags","status":"passed","title":"should create nonce-enabled script tags","duration":0.6055999999999813,"failureMessages":[],"meta":{}},{"ancestorTitles":["SEC-2: Nonce-based CSP Implementation","Nonce Injector"],"fullName":"SEC-2: Nonce-based CSP Implementation Nonce Injector should create nonce-enabled style tags","status":"passed","title":"should create nonce-enabled style tags","duration":0.5067000000000235,"failureMessages":[],"meta":{}},{"ancestorTitles":["SEC-2: Nonce-based CSP Implementation","Nonce Injector"],"fullName":"SEC-2: Nonce-based CSP Implementation Nonce Injector should extract nonce from HTML meta tag","status":"passed","title":"should extract nonce from HTML meta tag","duration":0.6529999999999063,"failureMessages":[],"meta":{}},{"ancestorTitles":["SEC-2: Nonce-based CSP Implementation","Nonce Injector"],"fullName":"SEC-2: Nonce-based CSP Implementation Nonce Injector should validate nonce format correctly","status":"passed","title":"should validate nonce format correctly","duration":0.40439999999989595,"failureMessages":[],"meta":{}},{"ancestorTitles":["SEC-2: Nonce-based CSP Implementation","Nonce Injector"],"fullName":"SEC-2: Nonce-based CSP Implementation Nonce Injector should remove nonces from HTML","status":"passed","title":"should remove nonces from HTML","duration":0.7717999999999847,"failureMessages":[],"meta":{}},{"ancestorTitles":["SEC-2: Nonce-based CSP Implementation","Nonce Injector"],"fullName":"SEC-2: Nonce-based CSP Implementation Nonce Injector should track nonce injection statistics","status":"passed","title":"should track nonce injection statistics","duration":0.3146000000000413,"failureMessages":[],"meta":{}},{"ancestorTitles":["SEC-2: Nonce-based CSP Implementation","Security Validation"],"fullName":"SEC-2: Nonce-based CSP Implementation Security Validation should ensure nonces are unique across rotations","status":"passed","title":"should ensure nonces are unique across rotations","duration":9.569799999999987,"failureMessages":[],"meta":{}},{"ancestorTitles":["SEC-2: Nonce-based CSP Implementation","Security Validation"],"fullName":"SEC-2: Nonce-based CSP Implementation Security Validation should ensure production CSP blocks unsafe content","status":"passed","title":"should ensure production CSP blocks unsafe content","duration":0.8983000000000629,"failureMessages":[],"meta":{}},{"ancestorTitles":["SEC-2: Nonce-based CSP Implementation","Security Validation"],"fullName":"SEC-2: Nonce-based CSP Implementation Security Validation should ensure development CSP allows necessary unsafe content","status":"passed","title":"should ensure development CSP allows necessary unsafe content","duration":0.4576999999999316,"failureMessages":[],"meta":{}},{"ancestorTitles":["SEC-2: Nonce-based CSP Implementation","Security Validation"],"fullName":"SEC-2: Nonce-based CSP Implementation Security Validation should ensure nonce rotation works correctly","status":"passed","title":"should ensure nonce rotation works correctly","duration":113.50420000000008,"failureMessages":[],"meta":{}},{"ancestorTitles":["SEC-2: Nonce-based CSP Implementation","Security Validation"],"fullName":"SEC-2: Nonce-based CSP Implementation Security Validation should handle CSP manager cleanup properly","status":"passed","title":"should handle CSP manager cleanup properly","duration":0.5860000000000127,"failureMessages":[],"meta":{}},{"ancestorTitles":["SEC-2: Nonce-based CSP Implementation","Integration Tests"],"fullName":"SEC-2: Nonce-based CSP Implementation Integration Tests should work with Electron main process globals","status":"passed","title":"should work with Electron main process globals","duration":0.41210000000000946,"failureMessages":[],"meta":{}},{"ancestorTitles":["SEC-2: Nonce-based CSP Implementation","Integration Tests"],"fullName":"SEC-2: Nonce-based CSP Implementation Integration Tests should generate consistent headers for same configuration","status":"passed","title":"should generate consistent headers for same configuration","duration":0.707300000000032,"failureMessages":[],"meta":{}},{"ancestorTitles":["SEC-2: Nonce-based CSP Implementation","Integration Tests"],"fullName":"SEC-2: Nonce-based CSP Implementation Integration Tests should handle edge cases in HTML injection","status":"passed","title":"should handle edge cases in HTML injection","duration":1.059099999999944,"failureMessages":[],"meta":{}}],"startTime":1759002402816,"endTime":1759002402964.059,"status":"passed","message":"","name":"D:/Users/paulo/Documents/GitHub/CircuitExp1/tests/security/nonce-csp.sec-2.test.ts"}]}