{"total": {"lines":{"total":773,"covered":698,"skipped":0,"pct":90.29},"statements":{"total":773,"covered":698,"skipped":0,"pct":90.29},"functions":{"total":35,"covered":33,"skipped":0,"pct":94.28},"branches":{"total":262,"covered":196,"skipped":0,"pct":74.8},"branchesTrue":{"total":0,"covered":0,"skipped":0,"pct":100}}
,"D:\\Users\\paulo\\Documents\\GitHub\\CircuitExp1\\scan-manager.cjs": {"lines":{"total":416,"covered":360,"skipped":0,"pct":86.53},"functions":{"total":15,"covered":14,"skipped":0,"pct":93.33},"statements":{"total":416,"covered":360,"skipped":0,"pct":86.53},"branches":{"total":117,"covered":86,"skipped":0,"pct":73.5}}
,"D:\\Users\\paulo\\Documents\\GitHub\\CircuitExp1\\src\\visualization\\graph-adapter.ts": {"lines":{"total":83,"covered":83,"skipped":0,"pct":100},"functions":{"total":9,"covered":9,"skipped":0,"pct":100},"statements":{"total":83,"covered":83,"skipped":0,"pct":100},"branches":{"total":30,"covered":29,"skipped":0,"pct":96.66}}
,"D:\\Users\\paulo\\Documents\\GitHub\\CircuitExp1\\src\\visualization\\incremental-layout.ts": {"lines":{"total":76,"covered":70,"skipped":0,"pct":92.1},"functions":{"total":2,"covered":2,"skipped":0,"pct":100},"statements":{"total":76,"covered":70,"skipped":0,"pct":92.1},"branches":{"total":32,"covered":16,"skipped":0,"pct":50}}
,"D:\\Users\\paulo\\Documents\\GitHub\\CircuitExp1\\src\\visualization\\layout-v1.ts": {"lines":{"total":28,"covered":28,"skipped":0,"pct":100},"functions":{"total":2,"covered":2,"skipped":0,"pct":100},"statements":{"total":28,"covered":28,"skipped":0,"pct":100},"branches":{"total":9,"covered":8,"skipped":0,"pct":88.88}}
,"D:\\Users\\paulo\\Documents\\GitHub\\CircuitExp1\\src\\visualization\\layout-v2.ts": {"lines":{"total":76,"covered":76,"skipped":0,"pct":100},"functions":{"total":2,"covered":2,"skipped":0,"pct":100},"statements":{"total":76,"covered":76,"skipped":0,"pct":100},"branches":{"total":23,"covered":19,"skipped":0,"pct":82.6}}
,"D:\\Users\\paulo\\Documents\\GitHub\\CircuitExp1\\src\\visualization\\line-routing.ts": {"lines":{"total":53,"covered":40,"skipped":0,"pct":75.47},"functions":{"total":3,"covered":2,"skipped":0,"pct":66.66},"statements":{"total":53,"covered":40,"skipped":0,"pct":75.47},"branches":{"total":17,"covered":10,"skipped":0,"pct":58.82}}
,"D:\\Users\\paulo\\Documents\\GitHub\\CircuitExp1\\src\\visualization\\navigation-helpers.ts": {"lines":{"total":28,"covered":28,"skipped":0,"pct":100},"functions":{"total":1,"covered":1,"skipped":0,"pct":100},"statements":{"total":28,"covered":28,"skipped":0,"pct":100},"branches":{"total":30,"covered":24,"skipped":0,"pct":80}}
,"D:\\Users\\paulo\\Documents\\GitHub\\CircuitExp1\\src\\visualization\\selection-helpers.ts": {"lines":{"total":13,"covered":13,"skipped":0,"pct":100},"functions":{"total":1,"covered":1,"skipped":0,"pct":100},"statements":{"total":13,"covered":13,"skipped":0,"pct":100},"branches":{"total":4,"covered":4,"skipped":0,"pct":100}}
}
