{"total": {"lines":{"total":1132,"covered":0,"skipped":0,"pct":0},"statements":{"total":1132,"covered":0,"skipped":0,"pct":0},"functions":{"total":8,"covered":6,"skipped":0,"pct":75},"branches":{"total":8,"covered":6,"skipped":0,"pct":75},"branchesTrue":{"total":0,"covered":0,"skipped":0,"pct":100}}
,"D:\\Users\\paulo\\Documents\\GitHub\\CircuitExp1\\scan-manager.cjs": {"lines":{"total":476,"covered":0,"skipped":0,"pct":0},"functions":{"total":1,"covered":0,"skipped":0,"pct":0},"statements":{"total":476,"covered":0,"skipped":0,"pct":0},"branches":{"total":1,"covered":0,"skipped":0,"pct":0}}
,"D:\\Users\\paulo\\Documents\\GitHub\\CircuitExp1\\src\\visualization\\graph-adapter.ts": {"lines":{"total":116,"covered":0,"skipped":0,"pct":0},"functions":{"total":1,"covered":1,"skipped":0,"pct":100},"statements":{"total":116,"covered":0,"skipped":0,"pct":0},"branches":{"total":1,"covered":1,"skipped":0,"pct":100}}
,"D:\\Users\\paulo\\Documents\\GitHub\\CircuitExp1\\src\\visualization\\incremental-layout.ts": {"lines":{"total":132,"covered":0,"skipped":0,"pct":0},"functions":{"total":1,"covered":1,"skipped":0,"pct":100},"statements":{"total":132,"covered":0,"skipped":0,"pct":0},"branches":{"total":1,"covered":1,"skipped":0,"pct":100}}
,"D:\\Users\\paulo\\Documents\\GitHub\\CircuitExp1\\src\\visualization\\layout-v1.ts": {"lines":{"total":50,"covered":0,"skipped":0,"pct":0},"functions":{"total":1,"covered":1,"skipped":0,"pct":100},"statements":{"total":50,"covered":0,"skipped":0,"pct":0},"branches":{"total":1,"covered":1,"skipped":0,"pct":100}}
,"D:\\Users\\paulo\\Documents\\GitHub\\CircuitExp1\\src\\visualization\\layout-v2.ts": {"lines":{"total":171,"covered":0,"skipped":0,"pct":0},"functions":{"total":1,"covered":1,"skipped":0,"pct":100},"statements":{"total":171,"covered":0,"skipped":0,"pct":0},"branches":{"total":1,"covered":1,"skipped":0,"pct":100}}
,"D:\\Users\\paulo\\Documents\\GitHub\\CircuitExp1\\src\\visualization\\line-routing.ts": {"lines":{"total":130,"covered":0,"skipped":0,"pct":0},"functions":{"total":1,"covered":0,"skipped":0,"pct":0},"statements":{"total":130,"covered":0,"skipped":0,"pct":0},"branches":{"total":1,"covered":0,"skipped":0,"pct":0}}
,"D:\\Users\\paulo\\Documents\\GitHub\\CircuitExp1\\src\\visualization\\navigation-helpers.ts": {"lines":{"total":44,"covered":0,"skipped":0,"pct":0},"functions":{"total":1,"covered":1,"skipped":0,"pct":100},"statements":{"total":44,"covered":0,"skipped":0,"pct":0},"branches":{"total":1,"covered":1,"skipped":0,"pct":100}}
,"D:\\Users\\paulo\\Documents\\GitHub\\CircuitExp1\\src\\visualization\\selection-helpers.ts": {"lines":{"total":13,"covered":0,"skipped":0,"pct":0},"functions":{"total":1,"covered":1,"skipped":0,"pct":100},"statements":{"total":13,"covered":0,"skipped":0,"pct":0},"branches":{"total":1,"covered":1,"skipped":0,"pct":100}}
}
