TN:
SF:scan-manager.cjs
FN:70,makeId
FN:75,normalizeOptions
FN:93,startScan
FN:136,cancelScan
FN:150,getScanState
FN:170,listScans
FN:175,_hrNow
FN:186,_scheduleLoop
FN:194,_processSlice
FN:313,_emitProgress
FN:331,_emitPartial
FN:336,_finish
FN:345,_addPartialNode
FN:353,_makeNode
FN:375,_classifyError
FNF:15
FNH:14
FNDA:11,makeId
FNDA:12,normalizeOptions
FNDA:11,startScan
FNDA:2,cancelScan
FNDA:4,getScanState
FNDA:0,listScans
FNDA:45,_hrNow
FNDA:11,_scheduleLoop
FNDA:12,_processSlice
FNDA:35,_emitProgress
FNDA:10,_emitPartial
FNDA:11,_finish
FNDA:111,_addPartialNode
FNDA:113,_makeNode
FNDA:16,_classifyError
DA:1,1
DA:2,1
DA:3,1
DA:4,1
DA:5,1
DA:6,1
DA:7,1
DA:8,1
DA:9,1
DA:10,1
DA:11,1
DA:12,1
DA:13,1
DA:14,1
DA:15,1
DA:16,1
DA:17,1
DA:18,1
DA:19,1
DA:20,1
DA:21,1
DA:22,1
DA:23,1
DA:24,1
DA:25,1
DA:26,1
DA:27,1
DA:28,1
DA:29,1
DA:30,1
DA:31,1
DA:32,1
DA:33,1
DA:34,1
DA:35,1
DA:36,1
DA:37,1
DA:38,1
DA:39,1
DA:40,1
DA:41,1
DA:42,1
DA:43,1
DA:44,1
DA:45,1
DA:46,1
DA:47,1
DA:48,1
DA:49,1
DA:50,1
DA:51,1
DA:52,1
DA:53,1
DA:54,1
DA:55,1
DA:56,1
DA:57,1
DA:58,1
DA:59,1
DA:60,1
DA:61,1
DA:62,1
DA:63,1
DA:64,1
DA:65,1
DA:66,1
DA:67,1
DA:68,1
DA:69,1
DA:70,11
DA:71,11
DA:72,11
DA:73,1
DA:74,1
DA:75,12
DA:76,12
DA:77,12
DA:78,12
DA:79,12
DA:80,12
DA:81,12
DA:82,12
DA:83,12
DA:84,12
DA:85,1
DA:86,1
DA:87,1
DA:88,1
DA:89,1
DA:90,1
DA:91,1
DA:92,1
DA:93,11
DA:94,11
DA:95,0
DA:96,0
DA:97,11
DA:98,11
DA:99,11
DA:100,11
DA:101,0
DA:102,0
DA:103,11
DA:104,0
DA:105,0
DA:106,11
DA:107,11
DA:108,11
DA:109,11
DA:110,11
DA:111,11
DA:112,11
DA:113,11
DA:114,11
DA:115,11
DA:116,11
DA:117,11
DA:118,11
DA:119,11
DA:120,11
DA:121,11
DA:122,11
DA:123,11
DA:124,11
DA:125,11
DA:126,11
DA:127,11
DA:128,11
DA:129,11
DA:130,11
DA:131,11
DA:132,11
DA:133,11
DA:134,1
DA:135,1
DA:136,2
DA:137,2
DA:138,2
DA:139,2
DA:140,2
DA:141,2
DA:142,2
DA:143,2
DA:144,0
DA:145,0
DA:146,2
DA:147,2
DA:148,1
DA:149,1
DA:150,4
DA:151,4
DA:152,4
DA:153,4
DA:154,4
DA:155,4
DA:156,4
DA:157,4
DA:158,4
DA:159,4
DA:160,4
DA:161,4
DA:162,4
DA:163,4
DA:164,4
DA:165,4
DA:166,4
DA:167,4
DA:168,1
DA:169,1
DA:170,0
DA:171,0
DA:172,0
DA:173,1
DA:174,1
DA:175,45
DA:176,1
DA:177,1
DA:178,1
DA:179,1
DA:180,1
DA:181,1
DA:182,1
DA:183,1
DA:184,1
DA:185,1
DA:186,11
DA:187,11
DA:188,11
DA:189,11
DA:190,11
DA:191,11
DA:192,11
DA:193,1
DA:194,12
DA:195,12
DA:196,12
DA:197,11
DA:198,11
DA:199,11
DA:200,12
DA:201,35
DA:202,35
DA:203,35
DA:204,35
DA:205,35
DA:206,35
DA:207,35
DA:208,35
DA:209,35
DA:210,0
DA:211,0
DA:212,0
DA:213,0
DA:214,0
DA:215,0
DA:216,0
DA:217,0
DA:218,35
DA:219,0
DA:220,0
DA:221,0
DA:222,0
DA:223,0
DA:224,0
DA:225,0
DA:226,0
DA:227,0
DA:228,0
DA:229,0
DA:230,35
DA:231,35
DA:232,0
DA:233,0
DA:234,0
DA:235,0
DA:236,0
DA:237,0
DA:238,0
DA:239,0
DA:240,0
DA:241,0
DA:242,0
DA:243,35
DA:244,35
DA:245,0
DA:246,0
DA:247,0
DA:248,0
DA:249,35
DA:250,101
DA:251,101
DA:252,100
DA:253,100
DA:254,101
DA:255,0
DA:256,0
DA:257,0
DA:258,0
DA:259,0
DA:260,0
DA:261,0
DA:262,0
DA:263,100
DA:264,100
DA:265,101
DA:266,101
DA:267,56
DA:268,56
DA:269,2
DA:270,2
DA:271,2
DA:272,2
DA:273,56
DA:274,54
DA:275,54
DA:276,54
DA:277,54
DA:278,54
DA:279,101
DA:280,44
DA:281,44
DA:282,44
DA:283,44
DA:284,44
DA:285,44
DA:286,101
DA:287,101
DA:288,35
DA:289,35
DA:290,33
DA:291,33
DA:292,35
DA:293,35
DA:294,35
DA:295,35
DA:296,35
DA:297,11
DA:298,12
DA:299,11
DA:300,12
DA:301,1
DA:302,1
DA:303,12
DA:304,9
DA:305,9
DA:306,12
DA:307,0
DA:308,0
DA:309,0
DA:310,1
DA:311,1
DA:312,1
DA:313,35
DA:314,35
DA:315,35
DA:316,34
DA:317,35
DA:318,35
DA:319,35
DA:320,35
DA:321,35
DA:322,35
DA:323,35
DA:324,35
DA:325,35
DA:326,35
DA:327,35
DA:328,35
DA:329,35
DA:330,35
DA:331,10
DA:332,10
DA:333,10
DA:334,10
DA:335,10
DA:336,11
DA:337,11
DA:338,11
DA:339,11
DA:340,11
DA:341,11
DA:342,11
DA:343,1
DA:344,1
DA:345,111
DA:346,111
DA:347,111
DA:348,111
DA:349,111
DA:350,111
DA:351,1
DA:352,1
DA:353,113
DA:354,113
DA:355,113
DA:356,4
DA:357,4
DA:358,4
DA:359,4
DA:360,4
DA:361,4
DA:362,4
DA:363,4
DA:364,4
DA:365,4
DA:366,1
DA:367,1
DA:368,1
DA:369,1
DA:370,4
DA:371,113
DA:372,113
DA:373,1
DA:374,1
DA:375,16
DA:376,16
DA:377,16
DA:378,8
DA:379,8
DA:380,8
DA:381,8
DA:382,1
DA:383,8
DA:384,1
DA:385,7
DA:386,1
DA:387,6
DA:388,1
DA:389,5
DA:390,1
DA:391,4
DA:392,1
DA:393,3
DA:394,1
DA:395,1
DA:396,8
DA:397,16
DA:398,16
DA:399,1
DA:400,1
DA:401,1
DA:402,1
DA:403,1
DA:404,1
DA:405,1
DA:406,1
DA:407,1
DA:408,1
DA:409,1
DA:410,1
DA:411,1
DA:412,1
DA:413,1
DA:414,1
DA:415,1
DA:416,1
LF:416
LH:360
BRDA:407,0,0,0
BRDA:70,1,0,11
BRDA:75,2,0,12
BRDA:77,3,0,2
BRDA:77,4,0,1
BRDA:77,5,0,11
BRDA:78,6,0,1
BRDA:78,7,0,0
BRDA:80,8,0,2
BRDA:80,9,0,10
BRDA:81,10,0,3
BRDA:81,11,0,9
BRDA:93,12,0,11
BRDA:94,13,0,0
BRDA:100,14,0,0
BRDA:103,15,0,0
BRDA:136,16,0,2
BRDA:138,17,0,0
BRDA:139,18,0,0
BRDA:143,19,0,0
BRDA:150,20,0,4
BRDA:152,21,0,0
BRDA:175,22,0,45
BRDA:186,23,0,11
BRDA:188,24,0,0
BRDA:191,25,0,11
BRDA:194,26,0,12
BRDA:195,27,0,0
BRDA:196,28,0,1
BRDA:197,29,0,11
BRDA:200,30,0,37
BRDA:200,31,0,35
BRDA:201,32,0,0
BRDA:202,33,0,3
BRDA:202,34,0,0
BRDA:204,35,0,0
BRDA:209,36,0,0
BRDA:218,37,0,4
BRDA:218,38,0,0
BRDA:231,39,0,0
BRDA:244,40,0,0
BRDA:249,41,0,101
BRDA:250,42,0,1
BRDA:251,43,0,100
BRDA:251,44,0,21
BRDA:251,45,0,0
BRDA:252,46,0,100
BRDA:254,47,0,0
BRDA:263,48,0,100
BRDA:265,49,0,0
BRDA:265,50,0,0
BRDA:266,51,0,100
BRDA:266,52,0,56
BRDA:268,53,0,4
BRDA:268,54,0,2
BRDA:273,55,0,54
BRDA:279,56,0,44
BRDA:284,57,0,21
BRDA:284,58,0,2
BRDA:286,59,0,98
BRDA:286,60,0,0
BRDA:289,61,0,33
BRDA:292,62,0,3
BRDA:292,63,0,2
BRDA:295,64,0,2
BRDA:297,65,0,11
BRDA:298,66,0,10
BRDA:298,67,0,1
BRDA:298,68,0,10
BRDA:299,69,0,11
BRDA:300,70,0,1
BRDA:303,71,0,10
BRDA:303,72,0,1
BRDA:303,73,0,9
BRDA:306,74,0,10
BRDA:306,75,0,1
BRDA:306,76,0,0
BRDA:306,77,0,10
BRDA:306,78,0,0
BRDA:310,79,0,1
BRDA:310,80,0,1
BRDA:313,81,0,35
BRDA:315,82,0,1
BRDA:316,83,0,34
BRDA:317,84,0,0
BRDA:320,85,0,3
BRDA:321,86,0,31
BRDA:331,87,0,10
BRDA:332,88,0,0
BRDA:333,89,0,8
BRDA:336,90,0,11
BRDA:337,91,0,0
BRDA:345,92,0,111
BRDA:353,93,0,113
BRDA:354,94,0,0
BRDA:355,95,0,4
BRDA:363,96,0,2
BRDA:363,97,0,1
BRDA:363,98,0,0
BRDA:364,99,0,0
BRDA:364,100,0,3
BRDA:365,101,0,1
BRDA:375,102,0,16
BRDA:377,103,0,8
BRDA:381,104,0,1
BRDA:383,105,0,7
BRDA:383,106,0,1
BRDA:385,107,0,6
BRDA:385,108,0,1
BRDA:387,109,0,5
BRDA:387,110,0,1
BRDA:389,111,0,4
BRDA:389,112,0,1
BRDA:391,113,0,3
BRDA:391,114,0,1
BRDA:393,115,0,2
BRDA:393,116,0,1
BRF:117
BRH:86
end_of_record
TN:
SF:src\visualization\graph-adapter.ts
FN:45,<instance_members_initializer>
FN:49,getNode
FN:51,getAllNodes
FN:53,size
FN:56,parentPathOf
FN:65,createPlaceholder
FN:84,ensureParents
FN:96,applyDelta
FN:140,createGraphAdapter
FNF:9
FNH:9
FNDA:25,<instance_members_initializer>
FNDA:152586,getNode
FNDA:76,getAllNodes
FNDA:1,size
FNDA:6109,parentPathOf
FNDA:12,createPlaceholder
FNDA:6109,ensureParents
FNDA:90,applyDelta
FNDA:24,createGraphAdapter
DA:45,2
DA:46,25
DA:49,25
DA:51,25
DA:53,25
DA:56,25
DA:57,6109
DA:58,6109
DA:59,6109
DA:60,6109
DA:61,6085
DA:62,6109
DA:65,25
DA:66,12
DA:67,12
DA:68,12
DA:69,12
DA:70,12
DA:71,12
DA:72,12
DA:73,12
DA:74,12
DA:75,12
DA:76,12
DA:77,8
DA:78,8
DA:79,8
DA:80,12
DA:81,12
DA:84,25
DA:85,6109
DA:86,6109
DA:87,6109
DA:88,12
DA:89,12
DA:90,12
DA:91,12
DA:92,6085
DA:93,6109
DA:96,25
DA:97,90
DA:98,90
DA:99,90
DA:100,90
DA:101,6207
DA:102,6207
DA:103,6097
DA:104,6097
DA:105,6097
DA:106,6097
DA:107,6097
DA:108,6097
DA:109,6097
DA:110,6097
DA:111,6097
DA:112,6097
DA:113,6097
DA:114,6097
DA:115,6097
DA:116,6097
DA:117,6097
DA:118,6077
DA:119,6077
DA:120,6077
DA:121,6207
DA:122,110
DA:123,110
DA:124,11
DA:125,11
DA:126,11
DA:127,11
DA:128,11
DA:129,11
DA:130,110
DA:131,110
DA:132,110
DA:133,110
DA:134,110
DA:135,6207
DA:136,90
DA:137,90
DA:138,25
DA:140,2
LF:83
LH:83
BRDA:45,0,0,25
BRDA:49,1,0,152586
BRDA:51,2,0,76
BRDA:56,3,0,6109
BRDA:57,4,0,0
BRDA:60,5,0,24
BRDA:60,6,0,6085
BRDA:84,7,0,6109
BRDA:86,8,0,24
BRDA:86,9,0,6085
BRDA:87,10,0,12
BRDA:91,11,0,6085
BRDA:96,12,0,90
BRDA:100,13,0,6207
BRDA:117,14,0,6077
BRDA:121,15,0,110
BRDA:140,16,0,24
BRDA:53,17,0,4
BRDA:65,18,0,15
BRDA:68,19,0,3
BRDA:76,20,0,11
BRDA:102,21,0,6097
BRDA:123,22,0,11
BRDA:130,23,0,98
BRDA:130,24,0,97
BRDA:131,25,0,2
BRDA:131,26,0,1
BRDA:132,27,0,1
BRDA:132,28,0,1
BRDA:133,29,0,108
BRF:30
BRH:29
end_of_record
TN:
SF:src\visualization\incremental-layout.ts
FN:39,effectiveSpacing
FN:45,tryIncrementalAppend
FNF:2
FNH:2
FNDA:4,effectiveSpacing
FNDA:2,tryIncrementalAppend
DA:1,2
DA:39,4
DA:40,4
DA:41,0
DA:42,0
DA:43,0
DA:45,2
DA:46,2
DA:47,2
DA:48,2
DA:50,2
DA:51,2
DA:52,2
DA:53,5
DA:54,5
DA:55,5
DA:56,5
DA:57,5
DA:59,2
DA:60,2
DA:61,2
DA:63,2
DA:64,2
DA:65,2
DA:66,2
DA:67,2
DA:68,2
DA:69,2
DA:70,2
DA:71,2
DA:72,2
DA:73,2
DA:74,2
DA:75,2
DA:76,2
DA:77,2
DA:79,0
DA:80,0
DA:81,0
DA:82,2
DA:83,2
DA:84,2
DA:85,2
DA:86,2
DA:87,2
DA:89,2
DA:90,2
DA:91,2
DA:92,2
DA:93,1
DA:94,1
DA:95,2
DA:96,2
DA:97,2
DA:98,1
DA:99,2
DA:100,2
DA:101,2
DA:102,2
DA:103,2
DA:104,2
DA:105,5
DA:106,5
DA:107,5
DA:108,5
DA:109,5
DA:110,5
DA:111,5
DA:112,5
DA:113,5
DA:114,5
DA:115,2
DA:116,2
DA:117,2
DA:118,2
DA:119,2
LF:76
LH:70
BRDA:39,0,0,4
BRDA:40,1,0,0
BRDA:45,2,0,2
BRDA:48,3,0,0
BRDA:50,4,0,0
BRDA:51,5,0,0
BRDA:52,6,0,5
BRDA:54,7,0,0
BRDA:55,8,0,0
BRDA:56,9,0,0
BRDA:59,10,0,0
BRDA:66,11,0,0
BRDA:68,12,0,0
BRDA:71,13,0,2
BRDA:77,14,0,0
BRDA:82,15,0,0
BRDA:84,16,0,0
BRDA:87,17,0,0
BRDA:91,18,0,1
BRDA:92,19,0,1
BRDA:104,20,0,5
BRDA:116,21,0,5
BRDA:61,22,0,7
BRDA:67,23,0,18
BRDA:90,24,0,3
BRDA:47,25,0,1
BRDA:73,26,0,0
BRDA:91,27,0,1
BRDA:94,28,0,2
BRDA:96,29,0,0
BRDA:117,30,0,1
BRDA:89,31,0,2
BRF:32
BRH:16
end_of_record
TN:
SF:src\visualization\layout-v1.ts
FN:21,layoutHierarchical
FN:30,placeNode
FNF:2
FNH:2
FNDA:2,layoutHierarchical
FNDA:6,placeNode
DA:1,1
DA:19,1
DA:21,1
DA:22,2
DA:23,2
DA:25,2
DA:26,2
DA:27,2
DA:28,2
DA:30,2
DA:31,6
DA:32,6
DA:33,6
DA:34,6
DA:35,6
DA:36,6
DA:37,6
DA:39,6
DA:40,6
DA:41,6
DA:42,6
DA:44,2
DA:46,2
DA:47,2
DA:48,2
DA:49,2
DA:50,2
DA:51,2
LF:28
LH:28
BRDA:21,0,0,2
BRDA:47,1,0,6
BRDA:47,2,0,2
BRDA:47,3,0,4
BRDA:48,4,0,0
BRDA:25,5,0,6
BRDA:30,6,0,6
BRDA:41,7,0,4
BRDA:39,8,0,4
BRF:9
BRH:8
end_of_record
TN:
SF:src\visualization\layout-v2.ts
FN:88,layoutHierarchicalV2
FN:96,placeNodeSet
FNF:2
FNH:2
FNDA:50,layoutHierarchicalV2
FNDA:15305,placeNodeSet
DA:1,2
DA:78,2
DA:79,2
DA:80,2
DA:81,2
DA:82,2
DA:83,2
DA:84,2
DA:85,2
DA:86,2
DA:88,2
DA:89,50
DA:90,50
DA:91,50
DA:92,50
DA:93,50
DA:94,50
DA:96,50
DA:97,15305
DA:98,15305
DA:99,15305
DA:100,15305
DA:101,15223
DA:102,15223
DA:103,15223
DA:105,15305
DA:106,15
DA:107,15
DA:108,15
DA:109,15
DA:110,15
DA:111,15
DA:112,15
DA:113,15
DA:114,15
DA:115,15
DA:116,15
DA:117,15
DA:118,15
DA:119,15
DA:120,15
DA:121,15
DA:122,15
DA:123,15
DA:124,15
DA:125,15
DA:126,15
DA:129,5
DA:130,72
DA:131,72
DA:132,72
DA:133,72
DA:134,12
DA:135,12
DA:136,12
DA:137,72
DA:138,5
DA:139,15
DA:140,15
DA:141,15302
DA:142,152239
DA:143,152239
DA:144,152239
DA:146,152239
DA:147,15243
DA:148,15243
DA:149,15243
DA:150,152239
DA:151,15305
DA:153,50
DA:155,50
DA:156,50
DA:157,50
DA:158,50
DA:159,50
DA:160,50
LF:76
LH:76
BRDA:88,0,0,50
BRDA:156,1,0,152326
BRDA:156,2,0,50
BRDA:156,3,0,185
BRDA:157,4,0,0
BRDA:91,5,0,152488
BRDA:96,6,0,15305
BRDA:100,7,0,15223
BRDA:105,8,0,15
BRDA:141,9,0,152239
BRDA:146,10,0,15243
BRDA:147,11,0,152414
BRDA:108,12,0,0
BRDA:109,13,0,0
BRDA:122,14,0,0
BRDA:126,15,0,5
BRDA:129,16,0,72
BRDA:133,17,0,12
BRDA:140,18,0,15302
BRDA:140,19,0,15290
BRDA:150,20,0,15304
BRDA:118,21,0,237
BRDA:134,22,0,12
BRF:23
BRH:19
end_of_record
TN:
SF:src\visualization\line-routing.ts
FN:23,computeOrthogonalRoute
FN:72,drawOrthogonalRoute
FN:25,snap
FNF:3
FNH:2
FNDA:6,computeOrthogonalRoute
FNDA:0,drawOrthogonalRoute
FNDA:24,snap
DA:1,2
DA:23,2
DA:24,6
DA:25,6
DA:26,6
DA:27,6
DA:28,6
DA:29,6
DA:30,6
DA:31,6
DA:32,6
DA:33,6
DA:34,6
DA:35,6
DA:36,6
DA:37,6
DA:40,6
DA:41,6
DA:42,2
DA:43,2
DA:44,2
DA:45,2
DA:47,2
DA:49,2
DA:51,2
DA:53,2
DA:54,2
DA:55,2
DA:56,6
DA:57,4
DA:58,4
DA:59,4
DA:60,4
DA:61,4
DA:62,4
DA:63,4
DA:64,6
DA:65,0
DA:66,0
DA:67,0
DA:68,4
DA:69,4
DA:72,2
DA:73,0
DA:74,0
DA:75,0
DA:76,0
DA:77,0
DA:78,0
DA:79,0
DA:80,0
DA:81,0
DA:82,0
LF:53
LH:40
BRDA:23,0,0,6
BRDA:24,1,0,0
BRDA:31,2,0,0
BRDA:32,3,0,5
BRDA:34,4,0,2
BRDA:37,5,0,1
BRDA:41,6,0,2
BRDA:42,7,0,0
BRDA:43,8,0,0
BRDA:55,9,0,4
BRDA:56,10,0,4
BRDA:56,11,0,4
BRDA:58,12,0,0
BRDA:61,13,0,0
BRDA:64,14,0,0
BRDA:67,15,0,4
BRDA:25,16,0,24
BRF:17
BRH:10
end_of_record
TN:
SF:src\visualization\navigation-helpers.ts
FN:16,findNextDirectional
FNF:1
FNH:1
FNDA:8,findNextDirectional
DA:16,2
DA:17,8
DA:18,8
DA:19,8
DA:20,8
DA:21,8
DA:23,1
DA:24,1
DA:25,1
DA:26,7
DA:27,7
DA:28,8
DA:29,42
DA:30,35
DA:31,35
DA:32,35
DA:33,35
DA:34,35
DA:35,35
DA:36,35
DA:37,10
DA:38,6
DA:39,42
DA:40,6
DA:41,6
DA:42,42
DA:43,8
DA:44,8
LF:28
LH:28
BRDA:16,0,0,8
BRDA:17,1,0,0
BRDA:18,2,0,2
BRDA:18,3,0,6
BRDA:18,4,0,2
BRDA:18,5,0,4
BRDA:18,6,0,1
BRDA:18,7,0,3
BRDA:20,8,0,7
BRDA:20,9,0,0
BRDA:21,10,0,1
BRDA:24,11,0,0
BRDA:25,12,0,7
BRDA:28,13,0,42
BRDA:29,14,0,7
BRDA:29,15,0,35
BRDA:33,16,0,0
BRDA:33,17,0,35
BRDA:36,18,0,25
BRDA:36,19,0,10
BRDA:37,20,0,4
BRDA:37,21,0,6
BRDA:39,22,0,0
BRDA:39,23,0,0
BRDA:39,24,0,6
BRDA:42,25,0,7
BRDA:43,26,0,6
BRDA:43,27,0,1
BRDA:20,28,0,11
BRDA:23,29,0,1
BRF:30
BRH:24
end_of_record
TN:
SF:src\visualization\selection-helpers.ts
FN:26,toggleAggregation
FNF:1
FNH:1
FNDA:3,toggleAggregation
DA:26,2
DA:27,3
DA:28,3
DA:29,3
DA:31,3
DA:33,2
DA:34,1
DA:35,1
DA:37,3
DA:39,1
DA:40,1
DA:41,3
DA:42,3
LF:13
LH:13
BRDA:26,0,0,3
BRDA:31,1,0,2
BRDA:33,2,0,1
BRDA:37,3,0,1
BRF:4
BRH:4
end_of_record
