TN:
SF:src\visualization\graph-adapter.ts
FN:45,<instance_members_initializer>
FN:49,getNode
FN:51,getAllNodes
FN:53,size
FN:56,parentPathOf
FN:65,createPlaceholder
FN:84,ensureParents
FN:96,applyDelta
FN:140,createGraphAdapter
FNF:9
FNH:9
FNDA:16,<instance_members_initializer>
FNDA:247,getNode
FNDA:15,getAllNodes
FNDA:1,size
FNDA:184,parentPathOf
FNDA:6,createPlaceholder
FNDA:184,ensureParents
FNDA:25,applyDelta
FNDA:16,createGraphAdapter
DA:45,2
DA:46,16
DA:49,16
DA:51,16
DA:53,16
DA:56,16
DA:57,184
DA:58,184
DA:59,184
DA:60,184
DA:61,168
DA:62,184
DA:65,16
DA:66,6
DA:67,6
DA:68,6
DA:69,6
DA:70,6
DA:71,6
DA:72,6
DA:73,6
DA:74,6
DA:75,6
DA:76,6
DA:77,4
DA:78,4
DA:79,4
DA:80,6
DA:81,6
DA:84,16
DA:85,184
DA:86,184
DA:87,184
DA:88,6
DA:89,6
DA:90,6
DA:91,6
DA:92,168
DA:93,184
DA:96,16
DA:97,25
DA:98,25
DA:99,25
DA:100,25
DA:101,186
DA:102,186
DA:103,178
DA:104,178
DA:105,178
DA:106,178
DA:107,178
DA:108,178
DA:109,178
DA:110,178
DA:111,178
DA:112,178
DA:113,178
DA:114,178
DA:115,178
DA:116,178
DA:117,178
DA:118,164
DA:119,164
DA:120,164
DA:121,180
DA:122,8
DA:123,8
DA:124,5
DA:125,5
DA:126,5
DA:127,5
DA:128,5
DA:129,5
DA:130,8
DA:131,8
DA:132,8
DA:133,8
DA:134,8
DA:135,186
DA:136,25
DA:137,25
DA:138,16
DA:140,2
LF:83
LH:83
BRDA:45,0,0,16
BRDA:56,1,0,184
BRDA:57,2,0,0
BRDA:60,3,0,16
BRDA:60,4,0,168
BRDA:84,5,0,184
BRDA:86,6,0,16
BRDA:86,7,0,168
BRDA:87,8,0,6
BRDA:91,9,0,168
BRDA:96,10,0,25
BRDA:100,11,0,186
BRDA:117,12,0,164
BRDA:121,13,0,8
BRDA:140,14,0,16
BRDA:49,15,0,248
BRDA:51,16,0,16
BRDA:53,17,0,2
BRDA:65,18,0,7
BRDA:68,19,0,1
BRDA:76,20,0,5
BRDA:102,21,0,180
BRDA:102,22,0,178
BRDA:123,23,0,5
BRDA:130,24,0,2
BRDA:130,25,0,1
BRDA:131,26,0,2
BRDA:131,27,0,1
BRDA:132,28,0,1
BRDA:132,29,0,1
BRDA:133,30,0,6
BRF:31
BRH:30
end_of_record
TN:
SF:src\visualization\layout-v2.ts
FN:56,layoutHierarchicalV2
FN:64,placeNodeSet
FNF:2
FNH:2
FNDA:13,layoutHierarchicalV2
FNDA:38,placeNodeSet
DA:1,2
DA:47,2
DA:48,2
DA:49,2
DA:50,2
DA:51,2
DA:52,2
DA:53,2
DA:54,2
DA:56,2
DA:57,13
DA:58,13
DA:59,13
DA:60,13
DA:61,13
DA:62,13
DA:64,13
DA:65,38
DA:66,38
DA:67,38
DA:68,38
DA:69,10
DA:70,10
DA:71,10
DA:73,38
DA:74,11
DA:75,11
DA:76,11
DA:77,11
DA:78,11
DA:79,11
DA:80,11
DA:81,11
DA:82,11
DA:83,11
DA:84,11
DA:85,11
DA:86,11
DA:87,11
DA:88,11
DA:89,11
DA:90,11
DA:91,11
DA:94,4
DA:95,54
DA:96,54
DA:97,54
DA:98,54
DA:99,12
DA:100,12
DA:101,12
DA:102,54
DA:103,4
DA:104,11
DA:105,11
DA:106,35
DA:107,45
DA:108,45
DA:109,45
DA:111,45
DA:112,13
DA:113,13
DA:114,13
DA:115,45
DA:116,38
DA:118,13
DA:120,13
DA:121,13
DA:122,13
DA:123,13
DA:124,13
DA:125,13
LF:72
LH:72
BRDA:56,0,0,13
BRDA:121,1,0,110
BRDA:121,2,0,13
BRDA:121,3,0,28
BRDA:122,4,0,0
BRDA:59,5,0,246
BRDA:64,6,0,38
BRDA:68,7,0,10
BRDA:73,8,0,11
BRDA:76,9,0,0
BRDA:77,10,0,0
BRDA:78,11,0,5
BRDA:91,12,0,4
BRDA:94,13,0,54
BRDA:98,14,0,12
BRDA:105,15,0,35
BRDA:105,16,0,27
BRDA:106,17,0,45
BRDA:111,18,0,13
BRDA:115,19,0,27
BRDA:86,20,0,195
BRDA:99,21,0,12
BRDA:112,22,0,215
BRF:23
BRH:20
end_of_record
